0 info it worked if it ends with ok
1 verbose cli [ 'C:\\Program Files\\nodejs\\\\node.exe',
1 verbose cli   'C:\\Program Files\\nodejs\\node_modules\\npm\\bin\\npm-cli.js',
1 verbose cli   'install',
1 verbose cli   'bcrypt' ]
2 info using npm@1.2.11
3 info using node@v0.8.21
4 verbose node symlink C:\Program Files\nodejs\\node.exe
5 verbose read json C:\Users\Brett\Documents\GitHub\home_server\package.json
6 verbose read json C:\Users\Brett\Documents\GitHub\home_server\node_modules\body-parser\package.json
7 verbose read json C:\Users\Brett\Documents\GitHub\home_server\node_modules\cookie-parser\package.json
8 verbose read json C:\Users\Brett\Documents\GitHub\home_server\node_modules\ejs\package.json
9 verbose read json C:\Users\Brett\Documents\GitHub\home_server\node_modules\express\package.json
10 verbose read json C:\Users\Brett\Documents\GitHub\home_server\node_modules\morgan\package.json
11 verbose read json C:\Users\Brett\Documents\GitHub\home_server\node_modules\socket.io\package.json
12 verbose read json C:\Users\Brett\Documents\GitHub\home_server\node_modules\sqlite3\package.json
13 verbose read json C:\Users\Brett\Documents\GitHub\home_server\node_modules\static-favicon\package.json
14 verbose from cache C:\Users\Brett\Documents\GitHub\home_server\package.json
15 verbose readDependencies using package.json deps
16 verbose cache add [ 'bcrypt', null ]
17 verbose cache add name=undefined spec="bcrypt" args=["bcrypt",null]
18 verbose parsed url { pathname: 'bcrypt', path: 'bcrypt', href: 'bcrypt' }
19 silly lockFile 51684124-bcrypt bcrypt
20 verbose lock bcrypt C:\Users\Brett\AppData\Roaming\npm-cache\51684124-bcrypt.lock
21 silly lockFile 51684124-bcrypt bcrypt
22 silly lockFile 51684124-bcrypt bcrypt
23 verbose addNamed [ 'bcrypt', '' ]
24 verbose addNamed [ null, '' ]
25 silly lockFile 1351601c-bcrypt bcrypt@
26 verbose lock bcrypt@ C:\Users\Brett\AppData\Roaming\npm-cache\1351601c-bcrypt.lock
27 silly addNameRange { name: 'bcrypt', range: '', hasData: false }
28 verbose url raw bcrypt
29 verbose url resolving [ 'https://registry.npmjs.org/', './bcrypt' ]
30 verbose url resolved https://registry.npmjs.org/bcrypt
31 info trying registry request attempt 1 at 08:36:10
32 http GET https://registry.npmjs.org/bcrypt
33 http 200 https://registry.npmjs.org/bcrypt
34 silly registry.get cb [ 200,
34 silly registry.get   { date: 'Sat, 26 Jul 2014 12:36:17 GMT',
34 silly registry.get     server: 'CouchDB/1.5.0 (Erlang OTP/R16B03)',
34 silly registry.get     etag: '"5XFYF57RTIBQXK4HZTUMOLY88"',
34 silly registry.get     'content-type': 'application/json',
34 silly registry.get     'cache-control': 'max-age=60',
34 silly registry.get     'content-length': '56373',
34 silly registry.get     'accept-ranges': 'bytes',
34 silly registry.get     via: '1.1 varnish',
34 silly registry.get     age: '4009',
34 silly registry.get     'x-served-by': 'cache-jfk1027-JFK',
34 silly registry.get     'x-cache': 'HIT',
34 silly registry.get     'x-cache-hits': '1',
34 silly registry.get     'x-timer': 'S1406378176.955498,VS0,VE77',
34 silly registry.get     vary: 'Accept',
34 silly registry.get     'keep-alive': 'timeout=10, max=50',
34 silly registry.get     connection: 'Keep-Alive' } ]
35 silly addNameRange number 2 { name: 'bcrypt', range: '', hasData: true }
36 silly addNameRange versions [ 'bcrypt',
36 silly addNameRange   [ '0.1.2',
36 silly addNameRange     '0.2.0',
36 silly addNameRange     '0.2.1',
36 silly addNameRange     '0.1.3',
36 silly addNameRange     '0.2.2',
36 silly addNameRange     '0.2.3',
36 silly addNameRange     '0.2.4',
36 silly addNameRange     '0.3.0',
36 silly addNameRange     '0.3.1',
36 silly addNameRange     '0.3.2',
36 silly addNameRange     '0.4.0',
36 silly addNameRange     '0.4.1',
36 silly addNameRange     '0.5.0',
36 silly addNameRange     '0.6.0',
36 silly addNameRange     '0.7.0',
36 silly addNameRange     '0.7.1',
36 silly addNameRange     '0.7.2',
36 silly addNameRange     '0.7.3',
36 silly addNameRange     '0.7.4',
36 silly addNameRange     '0.7.5',
36 silly addNameRange     '0.7.6',
36 silly addNameRange     '0.7.7',
36 silly addNameRange     '0.7.8' ] ]
37 verbose addNamed [ 'bcrypt', '0.7.8' ]
38 verbose addNamed [ '0.7.8', '0.7.8' ]
39 silly lockFile 764f2767-bcrypt-0-7-8 bcrypt@0.7.8
40 verbose lock bcrypt@0.7.8 C:\Users\Brett\AppData\Roaming\npm-cache\764f2767-bcrypt-0-7-8.lock
41 silly lockFile 208e64c7-pmjs-org-bcrypt-bcrypt-0-7-8-tgz https://registry.npmjs.org/bcrypt/-/bcrypt-0.7.8.tgz
42 verbose lock https://registry.npmjs.org/bcrypt/-/bcrypt-0.7.8.tgz C:\Users\Brett\AppData\Roaming\npm-cache\208e64c7-pmjs-org-bcrypt-bcrypt-0-7-8-tgz.lock
43 verbose addRemoteTarball [ 'https://registry.npmjs.org/bcrypt/-/bcrypt-0.7.8.tgz',
43 verbose addRemoteTarball   '42c99aac202918e947b5bd086110184f62745e3e' ]
44 info retry fetch attempt 1 at 08:36:11
45 verbose fetch to= C:\Users\Brett\AppData\Local\Temp\npm-6460\1406378171484-0.7482690194156021\tmp.tgz
46 http GET https://registry.npmjs.org/bcrypt/-/bcrypt-0.7.8.tgz
47 http 200 https://registry.npmjs.org/bcrypt/-/bcrypt-0.7.8.tgz
48 silly shasum updated bytes 24105
49 info shasum 42c99aac202918e947b5bd086110184f62745e3e
49 info shasum C:\Users\Brett\AppData\Local\Temp\npm-6460\1406378171484-0.7482690194156021\tmp.tgz
50 verbose tar unpack C:\Users\Brett\AppData\Local\Temp\npm-6460\1406378171484-0.7482690194156021\tmp.tgz
51 silly lockFile 79bfabc6-71484-0-7482690194156021-package C:\Users\Brett\AppData\Local\Temp\npm-6460\1406378171484-0.7482690194156021\package
52 verbose lock C:\Users\Brett\AppData\Local\Temp\npm-6460\1406378171484-0.7482690194156021\package C:\Users\Brett\AppData\Roaming\npm-cache\79bfabc6-71484-0-7482690194156021-package.lock
53 silly lockFile afd56f32-71484-0-7482690194156021-tmp-tgz C:\Users\Brett\AppData\Local\Temp\npm-6460\1406378171484-0.7482690194156021\tmp.tgz
54 verbose lock C:\Users\Brett\AppData\Local\Temp\npm-6460\1406378171484-0.7482690194156021\tmp.tgz C:\Users\Brett\AppData\Roaming\npm-cache\afd56f32-71484-0-7482690194156021-tmp-tgz.lock
55 silly gunzTarPerm modes [ '755', '644' ]
56 silly gunzTarPerm extractEntry package.json
57 silly gunzTarPerm extractEntry .npmignore
58 silly gunzTarPerm extractEntry README.md
59 silly gunzTarPerm extractEntry LICENSE
60 silly gunzTarPerm extractEntry bcrypt.js
61 silly gunzTarPerm extractEntry Makefile
62 silly gunzTarPerm extractEntry .travis.yml
63 silly gunzTarPerm extractEntry binding.gyp
64 silly gunzTarPerm extractEntry examples/async_compare.js
65 silly gunzTarPerm extractEntry examples/forever_gen_salt.js
66 silly gunzTarPerm extractEntry CHANGELOG
67 silly gunzTarPerm extractEntry src/bcrypt.cc
68 silly gunzTarPerm extractEntry src/bcrypt_node.cc
69 silly gunzTarPerm extractEntry src/blowfish.cc
70 silly gunzTarPerm extractEntry src/node_blf.h
71 silly gunzTarPerm extractEntry test/async.js
72 silly gunzTarPerm extractEntry test/repetitions.js
73 silly gunzTarPerm extractEntry test/sync.js
74 verbose read json C:\Users\Brett\AppData\Local\Temp\npm-6460\1406378171484-0.7482690194156021\package\package.json
75 silly lockFile 79bfabc6-71484-0-7482690194156021-package C:\Users\Brett\AppData\Local\Temp\npm-6460\1406378171484-0.7482690194156021\package
76 silly lockFile 79bfabc6-71484-0-7482690194156021-package C:\Users\Brett\AppData\Local\Temp\npm-6460\1406378171484-0.7482690194156021\package
77 silly lockFile afd56f32-71484-0-7482690194156021-tmp-tgz C:\Users\Brett\AppData\Local\Temp\npm-6460\1406378171484-0.7482690194156021\tmp.tgz
78 silly lockFile afd56f32-71484-0-7482690194156021-tmp-tgz C:\Users\Brett\AppData\Local\Temp\npm-6460\1406378171484-0.7482690194156021\tmp.tgz
79 verbose from cache C:\Users\Brett\AppData\Local\Temp\npm-6460\1406378171484-0.7482690194156021\package\package.json
80 verbose tar pack [ 'C:\\Users\\Brett\\AppData\\Roaming\\npm-cache\\bcrypt\\0.7.8\\package.tgz',
80 verbose tar pack   'C:\\Users\\Brett\\AppData\\Local\\Temp\\npm-6460\\1406378171484-0.7482690194156021\\package' ]
81 verbose tarball C:\Users\Brett\AppData\Roaming\npm-cache\bcrypt\0.7.8\package.tgz
82 verbose folder C:\Users\Brett\AppData\Local\Temp\npm-6460\1406378171484-0.7482690194156021\package
83 silly lockFile 79bfabc6-71484-0-7482690194156021-package C:\Users\Brett\AppData\Local\Temp\npm-6460\1406378171484-0.7482690194156021\package
84 verbose lock C:\Users\Brett\AppData\Local\Temp\npm-6460\1406378171484-0.7482690194156021\package C:\Users\Brett\AppData\Roaming\npm-cache\79bfabc6-71484-0-7482690194156021-package.lock
85 silly lockFile 49cc44b1-m-cache-bcrypt-0-7-8-package-tgz C:\Users\Brett\AppData\Roaming\npm-cache\bcrypt\0.7.8\package.tgz
86 verbose lock C:\Users\Brett\AppData\Roaming\npm-cache\bcrypt\0.7.8\package.tgz C:\Users\Brett\AppData\Roaming\npm-cache\49cc44b1-m-cache-bcrypt-0-7-8-package-tgz.lock
87 silly lockFile 79bfabc6-71484-0-7482690194156021-package C:\Users\Brett\AppData\Local\Temp\npm-6460\1406378171484-0.7482690194156021\package
88 silly lockFile 79bfabc6-71484-0-7482690194156021-package C:\Users\Brett\AppData\Local\Temp\npm-6460\1406378171484-0.7482690194156021\package
89 silly lockFile 49cc44b1-m-cache-bcrypt-0-7-8-package-tgz C:\Users\Brett\AppData\Roaming\npm-cache\bcrypt\0.7.8\package.tgz
90 silly lockFile 49cc44b1-m-cache-bcrypt-0-7-8-package-tgz C:\Users\Brett\AppData\Roaming\npm-cache\bcrypt\0.7.8\package.tgz
91 silly lockFile a5d7890a-g-npm-cache-bcrypt-0-7-8-package C:\Users\Brett\AppData\Roaming\npm-cache\bcrypt\0.7.8\package
92 verbose lock C:\Users\Brett\AppData\Roaming\npm-cache\bcrypt\0.7.8\package C:\Users\Brett\AppData\Roaming\npm-cache\a5d7890a-g-npm-cache-bcrypt-0-7-8-package.lock
93 silly lockFile a5d7890a-g-npm-cache-bcrypt-0-7-8-package C:\Users\Brett\AppData\Roaming\npm-cache\bcrypt\0.7.8\package
94 silly lockFile a5d7890a-g-npm-cache-bcrypt-0-7-8-package C:\Users\Brett\AppData\Roaming\npm-cache\bcrypt\0.7.8\package
95 verbose tar unpack C:\Users\Brett\AppData\Roaming\npm-cache\bcrypt\0.7.8\package.tgz
96 silly lockFile a5d7890a-g-npm-cache-bcrypt-0-7-8-package C:\Users\Brett\AppData\Roaming\npm-cache\bcrypt\0.7.8\package
97 verbose lock C:\Users\Brett\AppData\Roaming\npm-cache\bcrypt\0.7.8\package C:\Users\Brett\AppData\Roaming\npm-cache\a5d7890a-g-npm-cache-bcrypt-0-7-8-package.lock
98 silly lockFile 49cc44b1-m-cache-bcrypt-0-7-8-package-tgz C:\Users\Brett\AppData\Roaming\npm-cache\bcrypt\0.7.8\package.tgz
99 verbose lock C:\Users\Brett\AppData\Roaming\npm-cache\bcrypt\0.7.8\package.tgz C:\Users\Brett\AppData\Roaming\npm-cache\49cc44b1-m-cache-bcrypt-0-7-8-package-tgz.lock
100 silly gunzTarPerm modes [ '755', '644' ]
101 silly gunzTarPerm extractEntry package.json
102 silly gunzTarPerm modified mode [ 'package.json', 438, 420 ]
103 silly gunzTarPerm extractEntry .npmignore
104 silly gunzTarPerm modified mode [ '.npmignore', 438, 420 ]
105 silly gunzTarPerm extractEntry README.md
106 silly gunzTarPerm modified mode [ 'README.md', 438, 420 ]
107 silly gunzTarPerm extractEntry LICENSE
108 silly gunzTarPerm modified mode [ 'LICENSE', 438, 420 ]
109 silly gunzTarPerm extractEntry bcrypt.js
110 silly gunzTarPerm modified mode [ 'bcrypt.js', 438, 420 ]
111 silly gunzTarPerm extractEntry CHANGELOG
112 silly gunzTarPerm modified mode [ 'CHANGELOG', 438, 420 ]
113 silly gunzTarPerm extractEntry examples/async_compare.js
114 silly gunzTarPerm modified mode [ 'examples/async_compare.js', 438, 420 ]
115 silly gunzTarPerm extractEntry examples/forever_gen_salt.js
116 silly gunzTarPerm modified mode [ 'examples/forever_gen_salt.js', 438, 420 ]
117 silly gunzTarPerm extractEntry .travis.yml
118 silly gunzTarPerm modified mode [ '.travis.yml', 438, 420 ]
119 silly gunzTarPerm extractEntry Makefile
120 silly gunzTarPerm modified mode [ 'Makefile', 438, 420 ]
121 silly gunzTarPerm extractEntry binding.gyp
122 silly gunzTarPerm modified mode [ 'binding.gyp', 438, 420 ]
123 silly gunzTarPerm extractEntry src/bcrypt.cc
124 silly gunzTarPerm modified mode [ 'src/bcrypt.cc', 438, 420 ]
125 silly gunzTarPerm extractEntry src/bcrypt_node.cc
126 silly gunzTarPerm modified mode [ 'src/bcrypt_node.cc', 438, 420 ]
127 silly gunzTarPerm extractEntry src/blowfish.cc
128 silly gunzTarPerm modified mode [ 'src/blowfish.cc', 438, 420 ]
129 silly gunzTarPerm extractEntry src/node_blf.h
130 silly gunzTarPerm modified mode [ 'src/node_blf.h', 438, 420 ]
131 silly gunzTarPerm extractEntry test/async.js
132 silly gunzTarPerm modified mode [ 'test/async.js', 438, 420 ]
133 silly gunzTarPerm extractEntry test/repetitions.js
134 silly gunzTarPerm modified mode [ 'test/repetitions.js', 438, 420 ]
135 silly gunzTarPerm extractEntry test/sync.js
136 silly gunzTarPerm modified mode [ 'test/sync.js', 438, 420 ]
137 verbose read json C:\Users\Brett\AppData\Roaming\npm-cache\bcrypt\0.7.8\package\package.json
138 silly lockFile a5d7890a-g-npm-cache-bcrypt-0-7-8-package C:\Users\Brett\AppData\Roaming\npm-cache\bcrypt\0.7.8\package
139 silly lockFile a5d7890a-g-npm-cache-bcrypt-0-7-8-package C:\Users\Brett\AppData\Roaming\npm-cache\bcrypt\0.7.8\package
140 silly lockFile 49cc44b1-m-cache-bcrypt-0-7-8-package-tgz C:\Users\Brett\AppData\Roaming\npm-cache\bcrypt\0.7.8\package.tgz
141 silly lockFile 49cc44b1-m-cache-bcrypt-0-7-8-package-tgz C:\Users\Brett\AppData\Roaming\npm-cache\bcrypt\0.7.8\package.tgz
142 silly shasum updated bytes 24079
143 info shasum 46aebe0e45c5fef42d371a5d2408d7c7c98d0da2
143 info shasum C:\Users\Brett\AppData\Roaming\npm-cache\bcrypt\0.7.8\package.tgz
144 verbose from cache C:\Users\Brett\AppData\Roaming\npm-cache\bcrypt\0.7.8\package\package.json
145 verbose chmod C:\Users\Brett\AppData\Roaming\npm-cache\bcrypt\0.7.8\package.tgz 644
146 silly chown skipping for windows C:\Users\Brett\AppData\Roaming\npm-cache\bcrypt\0.7.8\package.tgz
147 silly lockFile 208e64c7-pmjs-org-bcrypt-bcrypt-0-7-8-tgz https://registry.npmjs.org/bcrypt/-/bcrypt-0.7.8.tgz
148 silly lockFile 208e64c7-pmjs-org-bcrypt-bcrypt-0-7-8-tgz https://registry.npmjs.org/bcrypt/-/bcrypt-0.7.8.tgz
149 silly lockFile 764f2767-bcrypt-0-7-8 bcrypt@0.7.8
150 silly lockFile 764f2767-bcrypt-0-7-8 bcrypt@0.7.8
151 silly lockFile 1351601c-bcrypt bcrypt@
152 silly lockFile 1351601c-bcrypt bcrypt@
153 silly resolved [ { name: 'bcrypt',
153 silly resolved     description: 'A bcrypt library for NodeJS.',
153 silly resolved     keywords:
153 silly resolved      [ 'bcrypt',
153 silly resolved        'password',
153 silly resolved        'auth',
153 silly resolved        'authentication',
153 silly resolved        'encryption',
153 silly resolved        'crypt',
153 silly resolved        'crypto' ],
153 silly resolved     main: './bcrypt',
153 silly resolved     version: '0.7.8',
153 silly resolved     author: { name: 'Nick Campbell', url: 'https://github.com/ncb000gt' },
153 silly resolved     engines: { node: '>= 0.6.0' },
153 silly resolved     repository:
153 silly resolved      { type: 'git',
153 silly resolved        url: 'https://github.com/ncb000gt/node.bcrypt.js.git' },
153 silly resolved     licenses: [ [Object] ],
153 silly resolved     bugs: { url: 'https://github.com/ncb000gt/node.bcrypt.js/issues' },
153 silly resolved     scripts:
153 silly resolved      { test: 'node-gyp configure build && nodeunit test',
153 silly resolved        install: 'node-gyp rebuild' },
153 silly resolved     dependencies: { bindings: '1.0.0' },
153 silly resolved     devDependencies: { nodeunit: '>=0.6.4' },
153 silly resolved     contributors:
153 silly resolved      [ [Object],
153 silly resolved        [Object],
153 silly resolved        [Object],
153 silly resolved        [Object],
153 silly resolved        [Object],
153 silly resolved        [Object],
153 silly resolved        [Object],
153 silly resolved        [Object],
153 silly resolved        [Object],
153 silly resolved        [Object],
153 silly resolved        [Object],
153 silly resolved        [Object],
153 silly resolved        [Object],
153 silly resolved        [Object] ],
153 silly resolved     gypfile: true,
153 silly resolved     readme: '# node.bcrypt.js\n\n[![Build Status](https://secure.travis-ci.org/ncb000gt/node.bcrypt.js.png)](http://travis-ci.org/#!/ncb000gt/node.bcrypt.js) \n\nLib to help you hash passwords.\n[bcrypt on wikipedia][bcryptwiki]\n\nCatalyst for this module: [How To Safely Store A Password][codahale]\n\n## If You Are Submitting Bugs/Issues\n\nFirst, make sure that the version of node you are using is a _stable_ version. You\'ll know this because it\'ll have an even major release number. We do not currently support unstable versions and while the module may happen to work on some unstable versions you\'ll find that we quickly close issues if you\'re not using a stable version.\n\nIf you are on a stable version of node, we can\'t magically know what you are doing to expose an issue, it is best if you provide a snippet of code or log files if you\'re having an install issue. This snippet need not include your secret sauce, but it must replicate the issue you are describing. The issues that get closed without resolution tend to be the ones that don\'t help us help you. Thanks.\n\n\n## Version Compatibility\n\n| Node Version | Bcrypt Version |\n| ---- | ---- |\n| <= 0.4.x | <= 0.4.x |\n| >= 0.6.x | >= 0.5.x |\n\nWindows users should make sure to have at least node 0.8.5 installed and version >= 0.7.1 of this module.  \n`node-gyp` only works with stable/released versions of node. Since the `bcrypt` module uses `node-gyp` to build and install you\'ll need a stable version of node to use bcrypt. If you do not you\'ll likely see an error that starts with:\n\n    gyp ERR! stack Error: "pre" versions of node cannot be installed, use the --nodedir flag instead\n\n\n\n## Security Issues/Concerns\n\nAs should be the case with any security tool, this library should be scrutinized by anyone using it. If you find or suspect an issue with the code- please bring it to my attention and I\'ll spend some time trying to make sure that this tool is as secure as possible.\n\nTo make it easier for people using this tool to analyze what has been surveyed, here is a list of BCrypt related security issues/concerns as they\'ve come up.\n\n* An [issue with passwords][jtr] was found with a version of the Blowfish algorithm developed for John the Ripper. This is not present in the OpenBSD version and is thus not a problem for this module. HT [zooko][zooko].\n\n## Dependencies\n\n* NodeJS\n* `node-gyp`\n * Please check the dependencies for this tool at: https://github.com/TooTallNate/node-gyp/\n  * Windows users will need the options for c# and c++ installed with their visual studio instance.\n  * Python 2.x\n\n## Install via NPM\n```\nnpm install bcrypt\n```\n\n***Note:*** OS X users using Xcode 4.3.1 or above may need to run the following command in their terminal prior to installing if errors occur regarding xcodebuild: ```sudo xcode-select -switch /Applications/Xcode.app/Contents/Developer```\n\n## Usage\n\n### async (recommended)\n\nTo hash a password:\n\n```javascript\nvar bcrypt = require(\'bcrypt\');\nbcrypt.genSalt(10, function(err, salt) {\n    bcrypt.hash("B4c0/\\/", salt, function(err, hash) {\n        // Store hash in your password DB.\n    });\n});\n```\n\nTo check a password:\n\n```javascript\n// Load hash from your password DB.\nbcrypt.compare("B4c0/\\/", hash, function(err, res) {\n    // res == true\n});\nbcrypt.compare("not_bacon", hash, function(err, res) {\n    // res = false\n});\n```\n\nAuto-gen a salt and hash:\n\n```javascript\nbcrypt.hash(\'bacon\', 8, function(err, hash) {\n});\n```\n\n\n### sync\n\nTo hash a password:\n\n```javascript\nvar bcrypt = require(\'bcrypt\');\nvar salt = bcrypt.genSaltSync(10);\nvar hash = bcrypt.hashSync("B4c0/\\/", salt);\n// Store hash in your password DB.\n```\n\nTo check a password:\n\n```javascript\n// Load hash from your password DB.\nbcrypt.compareSync("B4c0/\\/", hash); // true\nbcrypt.compareSync("not_bacon", hash); // false\n```\n\nAuto-gen a salt and hash:\n\n```javascript\nvar hash = bcrypt.hashSync(\'bacon\', 8);\n```\n\n## API\n\n`BCrypt.`\n\n  * `genSaltSync(rounds)`\n    * `rounds` - [OPTIONAL] - the number of rounds to process the data for. (default - 10)\n  * `genSalt(rounds, cb)`\n    * `rounds` - [OPTIONAL] - the number of rounds to process the data for. (default - 10)\n    * `cb` - [REQUIRED] - a callback to be fired once the salt has been generated. uses eio making it asynchronous.\n      * `err` - First parameter to the callback detailing any errors.\n      * `salt` - Second parameter to the callback providing the generated salt.\n  * `hashSync(data, salt)`\n    * `data` - [REQUIRED] - the data to be encrypted.\n    * `salt` - [REQUIRED] - the salt to be used in encryption.\n  * `hash(data, salt, cb)`\n    * `data` - [REQUIRED] - the data to be encrypted.\n    * `salt` - [REQUIRED] - the salt to be used to hash the password. if specified as a number then a salt will be generated and used (see examples).\n    * `cb` - [REQUIRED] - a callback to be fired once the data has been encrypted. uses eio making it asynchronous.\n      * `err` - First parameter to the callback detailing any errors.\n      * `encrypted` - Second parameter to the callback providing the encrypted form.\n  * `compareSync(data, encrypted)`\n    * `data` - [REQUIRED] - data to compare.\n    * `encrypted` - [REQUIRED] - data to be compared to.\n  * `compare(data, encrypted, cb)`\n    * `data` - [REQUIRED] - data to compare.\n    * `encrypted` - [REQUIRED] - data to be compared to.\n    * `cb` - [REQUIRED] - a callback to be fired once the data has been compared. uses eio making it asynchronous.\n      * `err` - First parameter to the callback detailing any errors.\n      * `same` - Second parameter to the callback providing whether the data and encrypted forms match [true | false].\n  * `getRounds(encrypted)` - return the number of rounds used to encrypt a given hash\n    * `encrypted` - [REQUIRED] - hash from which the number of rounds used should be extracted.\n\n\n## Hash Info\n\nThe characters that comprise the resultant hash are `./ABCDEFGHIJKLMNOPQRSTUVWXYZabcdefghijklmnopqrstuvwxyz0123456789$`.\n\n## Testing\n\nIf you create a pull request, tests better pass :)\n\n```\nnpm install\nnpm test\n```\n\n## Credits\n\nThe code for this comes from a few sources:\n\n* blowfish.cc - OpenBSD\n* bcrypt.cc - OpenBSD\n* bcrypt::gen_salt - [gen_salt inclusion to bcrypt][bcryptgs]\n* bcrypt_node.cc - me\n\n## Contributors\n\n* [Antonio Salazar Cardozo][shadowfiend] - Early MacOS X support (when we used libbsd)\n* [Ben Glow][pixelglow] - Fixes for thread safety with async calls\n* [Van Nguyen][thegoleffect] - Found a timing attack in the comparator\n* [NewITFarmer][newitfarmer] - Initial Cygwin support\n* [David Trejo][dtrejo] - packaging fixes\n* [Alfred Westerveld][alfredwesterveld] - packaging fixes\n* [Vincent Côté-Roy][vincentr] - Testing around concurrency issues\n* [Lloyd Hilaiel][lloyd] - Documentation fixes\n* [Roman Shtylman][shtylman] - Code refactoring, general rot reduction, compile options, better memory management with delete and new, and an upgrade to libuv over eio/ev.\n* [Vadim Graboys][vadimg] - Code changes to support 0.5.5+\n* [Ben Noordhuis][bnoordhuis] - Fixed a thread safety issue in nodejs that was perfectly mappable to this module.\n* [Nate Rajlich][tootallnate] - Bindings and build process.\n* [Sean McArthur][seanmonstar] - Windows Support\n* [Fanie Oosthuysen][weareu] - Windows Support\n\n## License\nUnless stated elsewhere, file headers or otherwise, the license as stated in the LICENSE file.\n\n[bcryptwiki]: http://en.wikipedia.org/wiki/Bcrypt\n[bcryptgs]: http://mail-index.netbsd.org/tech-crypto/2002/05/24/msg000204.html\n[codahale]: http://codahale.com/how-to-safely-store-a-password/\n[gh13]: https://github.com/ncb000gt/node.bcrypt.js/issues/13\n[jtr]: http://www.openwall.com/lists/oss-security/2011/06/20/2\n\n[shadowfiend]:https://github.com/Shadowfiend\n[thegoleffect]:https://github.com/thegoleffect\n[pixelglow]:https://github.com/pixelglow\n[dtrejo]:https://github.com/dtrejo\n[alfredwesterveld]:https://github.com/alfredwesterveld\n[newitfarmer]:https://github.com/newitfarmer\n[zooko]:https://twitter.com/zooko\n[vincentr]:https://twitter.com/vincentcr\n[lloyd]:https://github.com/lloyd\n[shtylman]:https://github.com/shtylman\n[vadimg]:https://github.com/vadimg\n[bnoordhuis]:https://github.com/bnoordhuis\n[tootallnate]:https://github.com/tootallnate\n[seanmonstar]:https://github.com/seanmonstar\n[weareu]:https://github.com/weareu\n',
153 silly resolved     readmeFilename: 'README.md',
153 silly resolved     _id: 'bcrypt@0.7.8',
153 silly resolved     dist: { shasum: '46aebe0e45c5fef42d371a5d2408d7c7c98d0da2' },
153 silly resolved     _from: 'bcrypt@',
153 silly resolved     _resolved: 'https://registry.npmjs.org/bcrypt/-/bcrypt-0.7.8.tgz' } ]
154 info install bcrypt@0.7.8 into C:\Users\Brett\Documents\GitHub\home_server
155 info installOne bcrypt@0.7.8
156 verbose from cache C:\Users\Brett\AppData\Roaming\npm-cache\bcrypt\0.7.8\package\package.json
157 info C:\Users\Brett\Documents\GitHub\home_server\node_modules\bcrypt unbuild
158 verbose read json C:\Users\Brett\Documents\GitHub\home_server\node_modules\bcrypt\package.json
159 verbose tar unpack C:\Users\Brett\AppData\Roaming\npm-cache\bcrypt\0.7.8\package.tgz
160 silly lockFile 0190d5d8--home-server-node-modules-bcrypt C:\Users\Brett\Documents\GitHub\home_server\node_modules\bcrypt
161 verbose lock C:\Users\Brett\Documents\GitHub\home_server\node_modules\bcrypt C:\Users\Brett\AppData\Roaming\npm-cache\0190d5d8--home-server-node-modules-bcrypt.lock
162 silly lockFile 49cc44b1-m-cache-bcrypt-0-7-8-package-tgz C:\Users\Brett\AppData\Roaming\npm-cache\bcrypt\0.7.8\package.tgz
163 verbose lock C:\Users\Brett\AppData\Roaming\npm-cache\bcrypt\0.7.8\package.tgz C:\Users\Brett\AppData\Roaming\npm-cache\49cc44b1-m-cache-bcrypt-0-7-8-package-tgz.lock
164 silly gunzTarPerm modes [ '755', '644' ]
165 silly gunzTarPerm extractEntry package.json
166 silly gunzTarPerm modified mode [ 'package.json', 438, 420 ]
167 silly gunzTarPerm extractEntry .npmignore
168 silly gunzTarPerm modified mode [ '.npmignore', 438, 420 ]
169 silly gunzTarPerm extractEntry README.md
170 silly gunzTarPerm modified mode [ 'README.md', 438, 420 ]
171 silly gunzTarPerm extractEntry LICENSE
172 silly gunzTarPerm modified mode [ 'LICENSE', 438, 420 ]
173 silly gunzTarPerm extractEntry bcrypt.js
174 silly gunzTarPerm modified mode [ 'bcrypt.js', 438, 420 ]
175 silly gunzTarPerm extractEntry CHANGELOG
176 silly gunzTarPerm modified mode [ 'CHANGELOG', 438, 420 ]
177 silly gunzTarPerm extractEntry examples/async_compare.js
178 silly gunzTarPerm modified mode [ 'examples/async_compare.js', 438, 420 ]
179 silly gunzTarPerm extractEntry examples/forever_gen_salt.js
180 silly gunzTarPerm modified mode [ 'examples/forever_gen_salt.js', 438, 420 ]
181 silly gunzTarPerm extractEntry .travis.yml
182 silly gunzTarPerm modified mode [ '.travis.yml', 438, 420 ]
183 silly gunzTarPerm extractEntry Makefile
184 silly gunzTarPerm modified mode [ 'Makefile', 438, 420 ]
185 silly gunzTarPerm extractEntry binding.gyp
186 silly gunzTarPerm modified mode [ 'binding.gyp', 438, 420 ]
187 silly gunzTarPerm extractEntry src/bcrypt.cc
188 silly gunzTarPerm modified mode [ 'src/bcrypt.cc', 438, 420 ]
189 silly gunzTarPerm extractEntry src/bcrypt_node.cc
190 silly gunzTarPerm modified mode [ 'src/bcrypt_node.cc', 438, 420 ]
191 silly gunzTarPerm extractEntry src/blowfish.cc
192 silly gunzTarPerm modified mode [ 'src/blowfish.cc', 438, 420 ]
193 silly gunzTarPerm extractEntry src/node_blf.h
194 silly gunzTarPerm modified mode [ 'src/node_blf.h', 438, 420 ]
195 silly gunzTarPerm extractEntry test/async.js
196 silly gunzTarPerm modified mode [ 'test/async.js', 438, 420 ]
197 silly gunzTarPerm extractEntry test/repetitions.js
198 silly gunzTarPerm modified mode [ 'test/repetitions.js', 438, 420 ]
199 silly gunzTarPerm extractEntry test/sync.js
200 silly gunzTarPerm modified mode [ 'test/sync.js', 438, 420 ]
201 verbose read json C:\Users\Brett\Documents\GitHub\home_server\node_modules\bcrypt\package.json
202 silly lockFile 0190d5d8--home-server-node-modules-bcrypt C:\Users\Brett\Documents\GitHub\home_server\node_modules\bcrypt
203 silly lockFile 0190d5d8--home-server-node-modules-bcrypt C:\Users\Brett\Documents\GitHub\home_server\node_modules\bcrypt
204 silly lockFile 49cc44b1-m-cache-bcrypt-0-7-8-package-tgz C:\Users\Brett\AppData\Roaming\npm-cache\bcrypt\0.7.8\package.tgz
205 silly lockFile 49cc44b1-m-cache-bcrypt-0-7-8-package-tgz C:\Users\Brett\AppData\Roaming\npm-cache\bcrypt\0.7.8\package.tgz
206 info preinstall bcrypt@0.7.8
207 verbose from cache C:\Users\Brett\Documents\GitHub\home_server\node_modules\bcrypt\package.json
208 verbose readDependencies using package.json deps
209 verbose from cache C:\Users\Brett\Documents\GitHub\home_server\node_modules\bcrypt\package.json
210 verbose readDependencies using package.json deps
211 verbose cache add [ 'bindings@1.0.0', null ]
212 verbose cache add name=undefined spec="bindings@1.0.0" args=["bindings@1.0.0",null]
213 verbose parsed url { pathname: 'bindings@1.0.0',
213 verbose parsed url   path: 'bindings@1.0.0',
213 verbose parsed url   href: 'bindings@1.0.0' }
214 verbose cache add name="bindings" spec="1.0.0" args=["bindings","1.0.0"]
215 verbose parsed url { pathname: '1.0.0', path: '1.0.0', href: '1.0.0' }
216 verbose addNamed [ 'bindings', '1.0.0' ]
217 verbose addNamed [ '1.0.0', '1.0.0' ]
218 silly lockFile f01e5454-bindings-1-0-0 bindings@1.0.0
219 verbose lock bindings@1.0.0 C:\Users\Brett\AppData\Roaming\npm-cache\f01e5454-bindings-1-0-0.lock
220 verbose url raw bindings/1.0.0
221 verbose url resolving [ 'https://registry.npmjs.org/', './bindings/1.0.0' ]
222 verbose url resolved https://registry.npmjs.org/bindings/1.0.0
223 info trying registry request attempt 1 at 08:36:12
224 http GET https://registry.npmjs.org/bindings/1.0.0
225 http 200 https://registry.npmjs.org/bindings/1.0.0
226 silly registry.get cb [ 200,
226 silly registry.get   { date: 'Sat, 26 Jul 2014 12:36:18 GMT',
226 silly registry.get     server: 'CouchDB/1.5.0 (Erlang OTP/R16B03)',
226 silly registry.get     etag: '"HHDEMUMZU8OTS1DUFQCBQQ8Z"',
226 silly registry.get     'content-type': 'application/json',
226 silly registry.get     'cache-control': 'max-age=60',
226 silly registry.get     'content-length': '676',
226 silly registry.get     'accept-ranges': 'bytes',
226 silly registry.get     via: '1.1 varnish',
226 silly registry.get     age: '4418',
226 silly registry.get     'x-served-by': 'cache-jfk1031-JFK',
226 silly registry.get     'x-cache': 'HIT',
226 silly registry.get     'x-cache-hits': '6',
226 silly registry.get     'x-timer': 'S1406378178.024650,VS0,VE0',
226 silly registry.get     vary: 'Accept',
226 silly registry.get     'keep-alive': 'timeout=10, max=50',
226 silly registry.get     connection: 'Keep-Alive' } ]
227 silly lockFile ccf0f56a--org-bindings-bindings-1-0-0-tgz https://registry.npmjs.org/bindings/-/bindings-1.0.0.tgz
228 verbose lock https://registry.npmjs.org/bindings/-/bindings-1.0.0.tgz C:\Users\Brett\AppData\Roaming\npm-cache\ccf0f56a--org-bindings-bindings-1-0-0-tgz.lock
229 verbose addRemoteTarball [ 'https://registry.npmjs.org/bindings/-/bindings-1.0.0.tgz',
229 verbose addRemoteTarball   'c3ccde60e9de6807c6f1aa4ef4843af29191c828' ]
230 info retry fetch attempt 1 at 08:36:12
231 verbose fetch to= C:\Users\Brett\AppData\Local\Temp\npm-6460\1406378172421-0.9625963401049376\tmp.tgz
232 http GET https://registry.npmjs.org/bindings/-/bindings-1.0.0.tgz
233 http 200 https://registry.npmjs.org/bindings/-/bindings-1.0.0.tgz
234 silly shasum updated bytes 3456
235 info shasum c3ccde60e9de6807c6f1aa4ef4843af29191c828
235 info shasum C:\Users\Brett\AppData\Local\Temp\npm-6460\1406378172421-0.9625963401049376\tmp.tgz
236 verbose tar unpack C:\Users\Brett\AppData\Local\Temp\npm-6460\1406378172421-0.9625963401049376\tmp.tgz
237 silly lockFile 7bc20ccb-72421-0-9625963401049376-package C:\Users\Brett\AppData\Local\Temp\npm-6460\1406378172421-0.9625963401049376\package
238 verbose lock C:\Users\Brett\AppData\Local\Temp\npm-6460\1406378172421-0.9625963401049376\package C:\Users\Brett\AppData\Roaming\npm-cache\7bc20ccb-72421-0-9625963401049376-package.lock
239 silly lockFile e80424bf-72421-0-9625963401049376-tmp-tgz C:\Users\Brett\AppData\Local\Temp\npm-6460\1406378172421-0.9625963401049376\tmp.tgz
240 verbose lock C:\Users\Brett\AppData\Local\Temp\npm-6460\1406378172421-0.9625963401049376\tmp.tgz C:\Users\Brett\AppData\Roaming\npm-cache\e80424bf-72421-0-9625963401049376-tmp-tgz.lock
241 silly gunzTarPerm modes [ '755', '644' ]
242 silly gunzTarPerm extractEntry package.json
243 silly gunzTarPerm extractEntry README.md
244 silly gunzTarPerm extractEntry bindings.js
245 verbose read json C:\Users\Brett\AppData\Local\Temp\npm-6460\1406378172421-0.9625963401049376\package\package.json
246 silly lockFile 7bc20ccb-72421-0-9625963401049376-package C:\Users\Brett\AppData\Local\Temp\npm-6460\1406378172421-0.9625963401049376\package
247 silly lockFile 7bc20ccb-72421-0-9625963401049376-package C:\Users\Brett\AppData\Local\Temp\npm-6460\1406378172421-0.9625963401049376\package
248 silly lockFile e80424bf-72421-0-9625963401049376-tmp-tgz C:\Users\Brett\AppData\Local\Temp\npm-6460\1406378172421-0.9625963401049376\tmp.tgz
249 silly lockFile e80424bf-72421-0-9625963401049376-tmp-tgz C:\Users\Brett\AppData\Local\Temp\npm-6460\1406378172421-0.9625963401049376\tmp.tgz
250 verbose from cache C:\Users\Brett\AppData\Local\Temp\npm-6460\1406378172421-0.9625963401049376\package\package.json
251 verbose tar pack [ 'C:\\Users\\Brett\\AppData\\Roaming\\npm-cache\\bindings\\1.0.0\\package.tgz',
251 verbose tar pack   'C:\\Users\\Brett\\AppData\\Local\\Temp\\npm-6460\\1406378172421-0.9625963401049376\\package' ]
252 verbose tarball C:\Users\Brett\AppData\Roaming\npm-cache\bindings\1.0.0\package.tgz
253 verbose folder C:\Users\Brett\AppData\Local\Temp\npm-6460\1406378172421-0.9625963401049376\package
254 silly lockFile 7bc20ccb-72421-0-9625963401049376-package C:\Users\Brett\AppData\Local\Temp\npm-6460\1406378172421-0.9625963401049376\package
255 verbose lock C:\Users\Brett\AppData\Local\Temp\npm-6460\1406378172421-0.9625963401049376\package C:\Users\Brett\AppData\Roaming\npm-cache\7bc20ccb-72421-0-9625963401049376-package.lock
256 silly lockFile e40122c4-cache-bindings-1-0-0-package-tgz C:\Users\Brett\AppData\Roaming\npm-cache\bindings\1.0.0\package.tgz
257 verbose lock C:\Users\Brett\AppData\Roaming\npm-cache\bindings\1.0.0\package.tgz C:\Users\Brett\AppData\Roaming\npm-cache\e40122c4-cache-bindings-1-0-0-package-tgz.lock
258 silly lockFile 7bc20ccb-72421-0-9625963401049376-package C:\Users\Brett\AppData\Local\Temp\npm-6460\1406378172421-0.9625963401049376\package
259 silly lockFile 7bc20ccb-72421-0-9625963401049376-package C:\Users\Brett\AppData\Local\Temp\npm-6460\1406378172421-0.9625963401049376\package
260 silly lockFile e40122c4-cache-bindings-1-0-0-package-tgz C:\Users\Brett\AppData\Roaming\npm-cache\bindings\1.0.0\package.tgz
261 silly lockFile e40122c4-cache-bindings-1-0-0-package-tgz C:\Users\Brett\AppData\Roaming\npm-cache\bindings\1.0.0\package.tgz
262 silly lockFile d006ab70-npm-cache-bindings-1-0-0-package C:\Users\Brett\AppData\Roaming\npm-cache\bindings\1.0.0\package
263 verbose lock C:\Users\Brett\AppData\Roaming\npm-cache\bindings\1.0.0\package C:\Users\Brett\AppData\Roaming\npm-cache\d006ab70-npm-cache-bindings-1-0-0-package.lock
264 silly lockFile d006ab70-npm-cache-bindings-1-0-0-package C:\Users\Brett\AppData\Roaming\npm-cache\bindings\1.0.0\package
265 silly lockFile d006ab70-npm-cache-bindings-1-0-0-package C:\Users\Brett\AppData\Roaming\npm-cache\bindings\1.0.0\package
266 verbose tar unpack C:\Users\Brett\AppData\Roaming\npm-cache\bindings\1.0.0\package.tgz
267 silly lockFile d006ab70-npm-cache-bindings-1-0-0-package C:\Users\Brett\AppData\Roaming\npm-cache\bindings\1.0.0\package
268 verbose lock C:\Users\Brett\AppData\Roaming\npm-cache\bindings\1.0.0\package C:\Users\Brett\AppData\Roaming\npm-cache\d006ab70-npm-cache-bindings-1-0-0-package.lock
269 silly lockFile e40122c4-cache-bindings-1-0-0-package-tgz C:\Users\Brett\AppData\Roaming\npm-cache\bindings\1.0.0\package.tgz
270 verbose lock C:\Users\Brett\AppData\Roaming\npm-cache\bindings\1.0.0\package.tgz C:\Users\Brett\AppData\Roaming\npm-cache\e40122c4-cache-bindings-1-0-0-package-tgz.lock
271 silly gunzTarPerm modes [ '755', '644' ]
272 silly gunzTarPerm extractEntry package.json
273 silly gunzTarPerm modified mode [ 'package.json', 438, 420 ]
274 silly gunzTarPerm extractEntry README.md
275 silly gunzTarPerm modified mode [ 'README.md', 438, 420 ]
276 silly gunzTarPerm extractEntry bindings.js
277 silly gunzTarPerm modified mode [ 'bindings.js', 438, 420 ]
278 verbose read json C:\Users\Brett\AppData\Roaming\npm-cache\bindings\1.0.0\package\package.json
279 silly lockFile d006ab70-npm-cache-bindings-1-0-0-package C:\Users\Brett\AppData\Roaming\npm-cache\bindings\1.0.0\package
280 silly lockFile d006ab70-npm-cache-bindings-1-0-0-package C:\Users\Brett\AppData\Roaming\npm-cache\bindings\1.0.0\package
281 silly lockFile e40122c4-cache-bindings-1-0-0-package-tgz C:\Users\Brett\AppData\Roaming\npm-cache\bindings\1.0.0\package.tgz
282 silly lockFile e40122c4-cache-bindings-1-0-0-package-tgz C:\Users\Brett\AppData\Roaming\npm-cache\bindings\1.0.0\package.tgz
283 silly shasum updated bytes 3436
284 info shasum adaf85081acc6af13d7d41c08eed71cb78fbe071
284 info shasum C:\Users\Brett\AppData\Roaming\npm-cache\bindings\1.0.0\package.tgz
285 verbose from cache C:\Users\Brett\AppData\Roaming\npm-cache\bindings\1.0.0\package\package.json
286 verbose chmod C:\Users\Brett\AppData\Roaming\npm-cache\bindings\1.0.0\package.tgz 644
287 silly chown skipping for windows C:\Users\Brett\AppData\Roaming\npm-cache\bindings\1.0.0\package.tgz
288 silly lockFile ccf0f56a--org-bindings-bindings-1-0-0-tgz https://registry.npmjs.org/bindings/-/bindings-1.0.0.tgz
289 silly lockFile ccf0f56a--org-bindings-bindings-1-0-0-tgz https://registry.npmjs.org/bindings/-/bindings-1.0.0.tgz
290 silly lockFile f01e5454-bindings-1-0-0 bindings@1.0.0
291 silly lockFile f01e5454-bindings-1-0-0 bindings@1.0.0
292 silly resolved [ { name: 'bindings',
292 silly resolved     description: 'Helper module for loading your native module\'s .node file',
292 silly resolved     keywords: [ 'native', 'addon', 'bindings', 'gyp', 'waf', 'c', 'c++' ],
292 silly resolved     version: '1.0.0',
292 silly resolved     author:
292 silly resolved      { name: 'Nathan Rajlich',
292 silly resolved        email: 'nathan@tootallnate.net',
292 silly resolved        url: 'http://tootallnate.net' },
292 silly resolved     repository:
292 silly resolved      { type: 'git',
292 silly resolved        url: 'git://github.com/TooTallNate/node-bindings.git' },
292 silly resolved     main: './bindings.js',
292 silly resolved     readme: 'node-bindings\n=============\n### Helper module for loading your native module\'s .node file\n\nThis is a helper module for authors of Node.js native addon modules.\nIt is basically the "swiss army knife" of `require()`ing your native module\'s\n`.node` file.\n\nThroughout the course of Node\'s native addon history, addons have ended up being\ncompiled in a variety of different places, depending on which build tool and which\nversion of node was used. To make matters worse, now the _gyp_ build tool can\nproduce either a _Release_ or _Debug_ build, each being built into different\nlocations.\n\nThis module checks _all_ the possible locations that a native addon would be built\nat, and returns the first one that loads successfully.\n\n\nInstallation\n------------\n\nInstall with `npm`:\n\n``` bash\n$ npm install bindings\n```\n\nOr add it to the `"dependencies"` section of your _package.json_ file.\n\n\nExample\n-------\n\n`require()`ing the proper bindings file for the current node version, platform\nand architecture is as simple as:\n\n``` js\nvar bindings = require(\'bindings\')(\'binding.node\')\n\n// Use your bindings defined in your C files\nbindings.your_c_function()\n```\n\n\nNice Error Output\n-----------------\n\nWhen the `.node` file could not be loaded, `node-bindings` throws an Error with\na nice error message telling you exactly what was tried. You can also check the\n`err.tries` Array property.\n\n```\nError: Could not load the bindings file. Tried:\n → /Users/nrajlich/ref/build/binding.node\n → /Users/nrajlich/ref/build/Debug/binding.node\n → /Users/nrajlich/ref/build/Release/binding.node\n → /Users/nrajlich/ref/out/Debug/binding.node\n → /Users/nrajlich/ref/Debug/binding.node\n → /Users/nrajlich/ref/out/Release/binding.node\n → /Users/nrajlich/ref/Release/binding.node\n → /Users/nrajlich/ref/build/default/binding.node\n → /Users/nrajlich/ref/compiled/0.8.2/darwin/x64/binding.node\n    at bindings (/Users/nrajlich/ref/node_modules/bindings/bindings.js:84:13)\n    at Object.<anonymous> (/Users/nrajlich/ref/lib/ref.js:5:47)\n    at Module._compile (module.js:449:26)\n    at Object.Module._extensions..js (module.js:467:10)\n    at Module.load (module.js:356:32)\n    at Function.Module._load (module.js:312:12)\n    ...\n```\n\n\nLicense\n-------\n\n(The MIT License)\n\nCopyright (c) 2012 Nathan Rajlich &lt;nathan@tootallnate.net&gt;\n\nPermission is hereby granted, free of charge, to any person obtaining\na copy of this software and associated documentation files (the\n\'Software\'), to deal in the Software without restriction, including\nwithout limitation the rights to use, copy, modify, merge, publish,\ndistribute, sublicense, and/or sell copies of the Software, and to\npermit persons to whom the Software is furnished to do so, subject to\nthe following conditions:\n\nThe above copyright notice and this permission notice shall be\nincluded in all copies or substantial portions of the Software.\n\nTHE SOFTWARE IS PROVIDED \'AS IS\', WITHOUT WARRANTY OF ANY KIND,\nEXPRESS OR IMPLIED, INCLUDING BUT NOT LIMITED TO THE WARRANTIES OF\nMERCHANTABILITY, FITNESS FOR A PARTICULAR PURPOSE AND NONINFRINGEMENT.\nIN NO EVENT SHALL THE AUTHORS OR COPYRIGHT HOLDERS BE LIABLE FOR ANY\nCLAIM, DAMAGES OR OTHER LIABILITY, WHETHER IN AN ACTION OF CONTRACT,\nTORT OR OTHERWISE, ARISING FROM, OUT OF OR IN CONNECTION WITH THE\nSOFTWARE OR THE USE OR OTHER DEALINGS IN THE SOFTWARE.\n',
292 silly resolved     readmeFilename: 'README.md',
292 silly resolved     _id: 'bindings@1.0.0',
292 silly resolved     dist: { shasum: 'adaf85081acc6af13d7d41c08eed71cb78fbe071' },
292 silly resolved     _from: 'bindings@1.0.0',
292 silly resolved     _resolved: 'https://registry.npmjs.org/bindings/-/bindings-1.0.0.tgz' } ]
293 info install bindings@1.0.0 into C:\Users\Brett\Documents\GitHub\home_server\node_modules\bcrypt
294 info installOne bindings@1.0.0
295 verbose from cache C:\Users\Brett\AppData\Roaming\npm-cache\bindings\1.0.0\package\package.json
296 info C:\Users\Brett\Documents\GitHub\home_server\node_modules\bcrypt\node_modules\bindings unbuild
297 verbose read json C:\Users\Brett\Documents\GitHub\home_server\node_modules\bcrypt\node_modules\bindings\package.json
298 verbose tar unpack C:\Users\Brett\AppData\Roaming\npm-cache\bindings\1.0.0\package.tgz
299 silly lockFile 1336baac-les-bcrypt-node-modules-bindings C:\Users\Brett\Documents\GitHub\home_server\node_modules\bcrypt\node_modules\bindings
300 verbose lock C:\Users\Brett\Documents\GitHub\home_server\node_modules\bcrypt\node_modules\bindings C:\Users\Brett\AppData\Roaming\npm-cache\1336baac-les-bcrypt-node-modules-bindings.lock
301 silly lockFile e40122c4-cache-bindings-1-0-0-package-tgz C:\Users\Brett\AppData\Roaming\npm-cache\bindings\1.0.0\package.tgz
302 verbose lock C:\Users\Brett\AppData\Roaming\npm-cache\bindings\1.0.0\package.tgz C:\Users\Brett\AppData\Roaming\npm-cache\e40122c4-cache-bindings-1-0-0-package-tgz.lock
303 silly gunzTarPerm modes [ '755', '644' ]
304 silly gunzTarPerm extractEntry package.json
305 silly gunzTarPerm modified mode [ 'package.json', 438, 420 ]
306 silly gunzTarPerm extractEntry README.md
307 silly gunzTarPerm modified mode [ 'README.md', 438, 420 ]
308 silly gunzTarPerm extractEntry bindings.js
309 silly gunzTarPerm modified mode [ 'bindings.js', 438, 420 ]
310 verbose read json C:\Users\Brett\Documents\GitHub\home_server\node_modules\bcrypt\node_modules\bindings\package.json
311 silly lockFile 1336baac-les-bcrypt-node-modules-bindings C:\Users\Brett\Documents\GitHub\home_server\node_modules\bcrypt\node_modules\bindings
312 silly lockFile 1336baac-les-bcrypt-node-modules-bindings C:\Users\Brett\Documents\GitHub\home_server\node_modules\bcrypt\node_modules\bindings
313 silly lockFile e40122c4-cache-bindings-1-0-0-package-tgz C:\Users\Brett\AppData\Roaming\npm-cache\bindings\1.0.0\package.tgz
314 silly lockFile e40122c4-cache-bindings-1-0-0-package-tgz C:\Users\Brett\AppData\Roaming\npm-cache\bindings\1.0.0\package.tgz
315 info preinstall bindings@1.0.0
316 verbose from cache C:\Users\Brett\Documents\GitHub\home_server\node_modules\bcrypt\node_modules\bindings\package.json
317 verbose readDependencies using package.json deps
318 verbose from cache C:\Users\Brett\Documents\GitHub\home_server\node_modules\bcrypt\node_modules\bindings\package.json
319 verbose readDependencies using package.json deps
320 silly resolved []
321 verbose about to build C:\Users\Brett\Documents\GitHub\home_server\node_modules\bcrypt\node_modules\bindings
322 info build C:\Users\Brett\Documents\GitHub\home_server\node_modules\bcrypt\node_modules\bindings
323 verbose from cache C:\Users\Brett\Documents\GitHub\home_server\node_modules\bcrypt\node_modules\bindings\package.json
324 verbose linkStuff [ false,
324 verbose linkStuff   false,
324 verbose linkStuff   false,
324 verbose linkStuff   'C:\\Users\\Brett\\Documents\\GitHub\\home_server\\node_modules\\bcrypt\\node_modules' ]
325 info linkStuff bindings@1.0.0
326 verbose linkBins bindings@1.0.0
327 verbose linkMans bindings@1.0.0
328 verbose rebuildBundles bindings@1.0.0
329 info install bindings@1.0.0
330 info postinstall bindings@1.0.0
331 verbose about to build C:\Users\Brett\Documents\GitHub\home_server\node_modules\bcrypt
332 info build C:\Users\Brett\Documents\GitHub\home_server\node_modules\bcrypt
333 verbose from cache C:\Users\Brett\Documents\GitHub\home_server\node_modules\bcrypt\package.json
334 verbose linkStuff [ false,
334 verbose linkStuff   false,
334 verbose linkStuff   false,
334 verbose linkStuff   'C:\\Users\\Brett\\Documents\\GitHub\\home_server\\node_modules' ]
335 info linkStuff bcrypt@0.7.8
336 verbose linkBins bcrypt@0.7.8
337 verbose linkMans bcrypt@0.7.8
338 verbose rebuildBundles bcrypt@0.7.8
339 verbose rebuildBundles [ 'bindings' ]
340 info install bcrypt@0.7.8
341 verbose unsafe-perm in lifecycle true
342 silly exec cmd "/c" "node-gyp rebuild"
343 silly cmd,/c,node-gyp rebuild,C:\Users\Brett\Documents\GitHub\home_server\node_modules\bcrypt spawning
344 info bcrypt@0.7.8 Failed to exec install script
345 info C:\Users\Brett\Documents\GitHub\home_server\node_modules\bcrypt unbuild
346 verbose from cache C:\Users\Brett\Documents\GitHub\home_server\node_modules\bcrypt\package.json
347 info preuninstall bcrypt@0.7.8
348 info uninstall bcrypt@0.7.8
349 verbose true,C:\Users\Brett\Documents\GitHub\home_server\node_modules,C:\Users\Brett\Documents\GitHub\home_server\node_modules unbuild bcrypt@0.7.8
350 info postuninstall bcrypt@0.7.8
351 error bcrypt@0.7.8 install: `node-gyp rebuild`
351 error `cmd "/c" "node-gyp rebuild"` failed with 1
352 error Failed at the bcrypt@0.7.8 install script.
352 error This is most likely a problem with the bcrypt package,
352 error not with npm itself.
352 error Tell the author that this fails on your system:
352 error     node-gyp rebuild
352 error You can get their info via:
352 error     npm owner ls bcrypt
352 error There is likely additional logging output above.
353 error System Windows_NT 6.2.9200
354 error command "C:\\Program Files\\nodejs\\\\node.exe" "C:\\Program Files\\nodejs\\node_modules\\npm\\bin\\npm-cli.js" "install" "bcrypt"
355 error cwd C:\Users\Brett\Documents\GitHub\home_server
356 error node -v v0.8.21
357 error npm -v 1.2.11
358 error code ELIFECYCLE
359 verbose exit [ 1, true ]
